TN:
SF:test/api.test.js
FN:6,(anonymous_0)
FN:7,(anonymous_1)
FN:10,(anonymous_2)
FN:15,(anonymous_3)
FNF:4
FNH:3
FNDA:1,(anonymous_0)
FNDA:1,(anonymous_1)
FNDA:1,(anonymous_2)
FNDA:0,(anonymous_3)
DA:1,1
DA:2,1
DA:3,1
DA:4,1
DA:6,1
DA:7,1
DA:8,1
DA:11,1
DA:12,1
DA:13,1
DA:16,0
LF:11
LH:10
BRF:0
BRH:0
end_of_record
TN:
SF:test/second.test.js
FN:6,(anonymous_0)
FN:7,(anonymous_1)
FN:10,(anonymous_2)
FN:14,(anonymous_3)
FN:19,(anonymous_4)
FN:22,(anonymous_5)
FN:26,(anonymous_6)
FN:31,(anonymous_7)
FN:35,(anonymous_8)
FN:39,(anonymous_9)
FN:44,(anonymous_10)
FN:48,(anonymous_11)
FN:53,(anonymous_12)
FN:58,(anonymous_13)
FN:62,(anonymous_14)
FN:67,(anonymous_15)
FNF:16
FNH:11
FNDA:1,(anonymous_0)
FNDA:1,(anonymous_1)
FNDA:1,(anonymous_2)
FNDA:0,(anonymous_3)
FNDA:1,(anonymous_4)
FNDA:1,(anonymous_5)
FNDA:0,(anonymous_6)
FNDA:1,(anonymous_7)
FNDA:1,(anonymous_8)
FNDA:0,(anonymous_9)
FNDA:1,(anonymous_10)
FNDA:1,(anonymous_11)
FNDA:0,(anonymous_12)
FNDA:1,(anonymous_13)
FNDA:1,(anonymous_14)
FNDA:0,(anonymous_15)
DA:1,1
DA:2,1
DA:3,1
DA:4,1
DA:6,1
DA:7,1
DA:8,1
DA:11,1
DA:12,1
DA:15,0
DA:19,1
DA:20,1
DA:23,1
DA:24,1
DA:27,0
DA:31,1
DA:32,1
DA:36,1
DA:37,1
DA:40,0
DA:44,1
DA:45,1
DA:49,1
DA:50,1
DA:51,1
DA:54,0
DA:58,1
DA:59,1
DA:63,1
DA:64,1
DA:65,1
DA:68,0
LF:32
LH:27
BRF:0
BRH:0
end_of_record
